<?xml version="1.0" encoding="UTF-8"?>
<!-- Generated by org.testng.reporters.JUnitXMLReporter -->
<testsuite ignored="0" hostname="Dharanidhar-PC" failures="1" tests="5" name="Regression" time="32.719" errors="0" timestamp="2025-07-05T20:13:02 IST">
  <testcase classname="Order.test.ErrorValidationTest" name="ErrorValidationtest" time="0.415">
    <failure type="java.lang.AssertionError" message="expected [Incorrect email or password.1] but found [Incorrect email or password.]">
      <![CDATA[java.lang.AssertionError: expected [Incorrect email or password.1] but found [Incorrect email or password.]
at Order.test.ErrorValidationTest.ErrorValidationtest(ErrorValidationTest.java:31)
at java.base/java.util.ArrayList.forEach(ArrayList.java:1596)
... Removed 31 stack frames]]>
    </failure>
  </testcase> <!-- ErrorValidationtest -->
  <testcase classname="Order.test.ErrorValidationTest" name="ItemErrorMsg" time="3.888"/>
  <testcase classname="Order.test.StandAloneTest" name="SubmitOrderTest" time="4.594"/>
  <testcase classname="Order.test.StandAloneTest" name="SubmitOrderTest" time="4.592"/>
  <testcase classname="Order.test.StandAloneTest" name="OrderHistoryTest" time="0.453"/>
</testsuite> <!-- Regression -->
