<?xml version="1.0" encoding="UTF-8"?>
<!-- Generated by org.testng.reporters.JUnitXMLReporter -->
<testsuite ignored="0" hostname="Dharanidhar-PC" failures="1" tests="4" name="ErrorValidationTest" time="22.528" errors="0" timestamp="2025-07-06T15:05:18 IST">
  <testcase classname="Order.test.ErrorValidationTest" name="ErrorValidationtest" time="0.449">
    <skipped/>
  </testcase> <!-- ErrorValidationtest -->
  <testcase classname="Order.test.ErrorValidationTest" name="ErrorValidationtest" time="0.405">
    <skipped/>
  </testcase> <!-- ErrorValidationtest -->
  <testcase classname="Order.test.ErrorValidationTest" name="ErrorValidationtest" time="0.407">
    <failure type="java.lang.AssertionError" message="expected [Incorrect email or password.1] but found [Incorrect email or password.]">
      <![CDATA[java.lang.AssertionError: expected [Incorrect email or password.1] but found [Incorrect email or password.]
at Order.test.ErrorValidationTest.ErrorValidationtest(ErrorValidationTest.java:32)
at java.base/java.util.ArrayList.forEach(ArrayList.java:1596)
... Removed 35 stack frames]]>
    </failure>
  </testcase> <!-- ErrorValidationtest -->
  <testcase classname="Order.test.ErrorValidationTest" name="ItemErrorMsg" time="4.102"/>
</testsuite> <!-- ErrorValidationTest -->
