<?xml version="1.0" encoding="UTF-8"?>
<!-- Generated by org.testng.reporters.JUnitXMLReporter -->
<testsuite ignored="0" hostname="Dharanidhar-PC" failures="1" tests="7" name="Regression" time="45.762" errors="0" timestamp="2025-07-06T14:57:28 IST">
  <testcase classname="Order.test.ErrorValidationTest" name="ErrorValidationtest" time="0.661">
    <skipped/>
  </testcase> <!-- ErrorValidationtest -->
  <testcase classname="Order.test.ErrorValidationTest" name="ErrorValidationtest" time="0.533">
    <skipped/>
  </testcase> <!-- ErrorValidationtest -->
  <testcase classname="Order.test.ErrorValidationTest" name="ErrorValidationtest" time="0.501">
    <failure type="java.lang.AssertionError" message="expected [Incorrect email or password.1] but found [Incorrect email or password.]">
      <![CDATA[java.lang.AssertionError: expected [Incorrect email or password.1] but found [Incorrect email or password.]
at Order.test.ErrorValidationTest.ErrorValidationtest(ErrorValidationTest.java:32)
at java.base/java.util.ArrayList.forEach(ArrayList.java:1596)
... Removed 35 stack frames]]>
    </failure>
  </testcase> <!-- ErrorValidationtest -->
  <testcase classname="Order.test.ErrorValidationTest" name="ItemErrorMsg" time="4.342"/>
  <testcase classname="Order.test.StandAloneTest" name="SubmitOrderTest" time="5.306"/>
  <testcase classname="Order.test.StandAloneTest" name="SubmitOrderTest" time="5.629"/>
  <testcase classname="Order.test.StandAloneTest" name="OrderHistoryTest" time="0.509"/>
</testsuite> <!-- Regression -->
